<?xml version="1.0" encoding="UTF-8"?>
<!-- Generated by org.testng.reporters.JUnitReportReporter -->
<testsuite hostname="Rahee-Khan" failures="0" tests="20" name="web_tests.BankingApplicationPaymentTests" time="1124.919" errors="0" timestamp="2023-11-13T16:45:37 EST" skipped="0">
  <testcase classname="web_tests.BankingApplicationPaymentTests" name="verify_user_making_payment" time="41.772"/>
  <system-out/>
  <testcase classname="web_tests.BankingApplicationPaymentTests" name="verify_user_making_payment" time="35.308"/>
  <system-out/>
  <testcase classname="web_tests.BankingApplicationPaymentTests" name="verify_user_making_payment" time="69.293"/>
  <system-out/>
  <testcase classname="web_tests.BankingApplicationPaymentTests" name="verify_user_making_payment" time="42.605"/>
  <system-out/>
  <testcase classname="web_tests.BankingApplicationPaymentTests" name="verify_user_making_payment" time="44.920"/>
  <system-out/>
  <testcase classname="web_tests.BankingApplicationPaymentTests" name="verify_user_making_payment" time="81.289"/>
  <system-out/>
  <testcase classname="web_tests.BankingApplicationPaymentTests" name="verify_user_making_payment" time="23.993"/>
  <system-out/>
  <testcase classname="web_tests.BankingApplicationPaymentTests" name="verify_user_making_payment" time="45.560"/>
  <system-out/>
  <testcase classname="web_tests.BankingApplicationPaymentTests" name="verify_user_making_payment" time="82.415"/>
  <system-out/>
  <testcase classname="web_tests.BankingApplicationPaymentTests" name="verify_user_making_payment" time="44.837"/>
  <system-out/>
  <testcase classname="web_tests.BankingApplicationPaymentTests" name="verify_user_making_payment" time="63.053"/>
  <system-out/>
  <testcase classname="web_tests.BankingApplicationPaymentTests" name="verify_user_making_payment" time="55.111"/>
  <system-out/>
  <testcase classname="web_tests.BankingApplicationPaymentTests" name="verify_user_making_payment" time="72.102"/>
  <system-out/>
  <testcase classname="web_tests.BankingApplicationPaymentTests" name="verify_user_making_payment" time="76.196"/>
  <system-out/>
  <testcase classname="web_tests.BankingApplicationPaymentTests" name="verify_user_making_payment" time="36.798"/>
  <system-out/>
  <testcase classname="web_tests.BankingApplicationPaymentTests" name="verify_user_making_payment" time="77.398"/>
  <system-out/>
  <testcase classname="web_tests.BankingApplicationPaymentTests" name="verify_user_making_payment" time="50.997"/>
  <system-out/>
  <testcase classname="web_tests.BankingApplicationPaymentTests" name="verify_user_making_payment" time="72.715"/>
  <system-out/>
  <testcase classname="web_tests.BankingApplicationPaymentTests" name="verify_user_making_payment" time="65.920"/>
  <system-out/>
  <testcase classname="web_tests.BankingApplicationPaymentTests" name="verify_user_making_payment" time="42.637"/>
  <system-out/>
</testsuite> <!-- web_tests.BankingApplicationPaymentTests -->
