<?xml version="1.0" encoding="UTF-8"?>
<!-- Generated by org.testng.reporters.JUnitReportReporter -->
<testsuite hostname="Rahee-Khan" failures="0" tests="30" name="web_tests.MainPageTests" time="681.099" errors="0" timestamp="2023-11-16T18:58:40 EST" skipped="0">
  <testcase classname="web_tests.MainPageTests" name="validate_title_test" time="16.590"/>
  <system-out/>
  <testcase classname="web_tests.MainPageTests" name="validate_title_test" time="25.265"/>
  <system-out/>
  <testcase classname="web_tests.MainPageTests" name="validate_title_test" time="27.529"/>
  <system-out/>
  <testcase classname="web_tests.MainPageTests" name="validate_title_test" time="25.268"/>
  <system-out/>
  <testcase classname="web_tests.MainPageTests" name="validate_title_test" time="9.619"/>
  <system-out/>
  <testcase classname="web_tests.MainPageTests" name="validate_title_test" time="16.086"/>
  <system-out/>
  <testcase classname="web_tests.MainPageTests" name="validate_title_test" time="21.415"/>
  <system-out/>
  <testcase classname="web_tests.MainPageTests" name="validate_title_test" time="36.222"/>
  <system-out/>
  <testcase classname="web_tests.MainPageTests" name="validate_title_test" time="24.209"/>
  <system-out/>
  <testcase classname="web_tests.MainPageTests" name="validate_title_test" time="18.458"/>
  <system-out/>
  <testcase classname="web_tests.MainPageTests" name="validate_title_test" time="29.971"/>
  <system-out/>
  <testcase classname="web_tests.MainPageTests" name="validate_title_test" time="21.875"/>
  <system-out/>
  <testcase classname="web_tests.MainPageTests" name="validate_title_test" time="34.364"/>
  <system-out/>
  <testcase classname="web_tests.MainPageTests" name="validate_title_test" time="15.019"/>
  <system-out/>
  <testcase classname="web_tests.MainPageTests" name="validate_title_test" time="29.357"/>
  <system-out/>
  <testcase classname="web_tests.MainPageTests" name="validate_title_test" time="15.488"/>
  <system-out/>
  <testcase classname="web_tests.MainPageTests" name="validate_title_test" time="22.002"/>
  <system-out/>
  <testcase classname="web_tests.MainPageTests" name="validate_title_test" time="33.675"/>
  <system-out/>
  <testcase classname="web_tests.MainPageTests" name="validate_title_test" time="13.227"/>
  <system-out/>
  <testcase classname="web_tests.MainPageTests" name="validate_title_test" time="22.081"/>
  <system-out/>
  <testcase classname="web_tests.MainPageTests" name="validate_title_test" time="17.651"/>
  <system-out/>
  <testcase classname="web_tests.MainPageTests" name="validate_title_test" time="16.703"/>
  <system-out/>
  <testcase classname="web_tests.MainPageTests" name="validate_title_test" time="13.507"/>
  <system-out/>
  <testcase classname="web_tests.MainPageTests" name="validate_title_test" time="31.748"/>
  <system-out/>
  <testcase classname="web_tests.MainPageTests" name="validate_title_test" time="22.255"/>
  <system-out/>
  <testcase classname="web_tests.MainPageTests" name="validate_title_test" time="23.710"/>
  <system-out/>
  <testcase classname="web_tests.MainPageTests" name="validate_title_test" time="22.226"/>
  <system-out/>
  <testcase classname="web_tests.MainPageTests" name="validate_title_test" time="19.405"/>
  <system-out/>
  <testcase classname="web_tests.MainPageTests" name="validate_title_test" time="31.591"/>
  <system-out/>
  <testcase classname="web_tests.MainPageTests" name="validate_title_test" time="24.583"/>
  <system-out/>
</testsuite> <!-- web_tests.MainPageTests -->
